12:20:25.707 [NamespaceSystem-akka.actor.default-dispatcher-5] INFO akka.event.slf4j.Slf4jLogger - Slf4jLogger started
12:20:26.509 [main] INFO com.firebase.server.forge.App$ - Listening at 127.0.0.1:9003
12:20:30.424 [NamespaceSystem-akka.actor.default-dispatcher-6] INFO com.firebase.core.namespace.NamespaceActor - fake-server successfully activated FBKV (SurveyIdle(0)) wait: 740ms, init: 0ms
12:20:43.239 [FirebaseWorkerPool-1-3] WARN com.firebase.core.persistence.backend.dummy.EmulatorMetadataPersistence - Multiple projectIds are not recommended in single project mode. Requested 
namespace authkit-y9vjx-default-rtdb, but the emulator is configured for fake-server. To 
opt-out of single project mode add/set the singleProjectMode: false property in 
the firebase.json emulators config. 
12:20:43.254 [NamespaceSystem-akka.actor.default-dispatcher-6] INFO com.firebase.core.namespace.NamespaceActor - authkit-y9vjx-default-rtdb successfully activated FBKV (SurveyIdle(0)) wait: 6ms, init: 0ms
12:20:43.425 [NamespaceSystem-blocking-namespace-operation-dispatcher-8] INFO com.firebase.core.namespace.StateManager - Namespace authkit-y9vjx-default-rtdb status Active to Active
12:28:18.279 [FirebaseWorkerPool-1-4] WARN com.firebase.core.persistence.backend.dummy.EmulatorMetadataPersistence - Multiple projectIds are not recommended in single project mode. Requested 
namespace authkit-y9vjx, but the emulator is configured for authkit-y9vjx-default-rtdb,fake-server. To 
opt-out of single project mode add/set the singleProjectMode: false property in 
the firebase.json emulators config. 
12:28:18.332 [NamespaceSystem-akka.actor.default-dispatcher-11] INFO com.firebase.core.namespace.NamespaceActor - authkit-y9vjx successfully activated FBKV (SurveyIdle(0)) wait: 20ms, init: 0ms
12:28:19.191 [Thread-0] INFO com.firebase.server.forge.App$ - Attempting graceful shutdown.
12:28:19.219 [NamespaceSystem-akka.actor.default-dispatcher-11] INFO com.firebase.core.namespace.Terminator$Terminator - 3 actors left to terminate: fake-server, authkit-y9vjx-default-rtdb, authkit-y9vjx
12:28:19.243 [NamespaceSystem-akka.actor.default-dispatcher-13] INFO com.firebase.core.namespace.NamespaceActor - stopped namespace actor for authkit-y9vjx
12:28:19.244 [NamespaceSystem-akka.actor.default-dispatcher-11] INFO com.firebase.core.namespace.NamespaceActor - stopped namespace actor for fake-server
12:28:19.255 [NamespaceSystem-akka.actor.default-dispatcher-13] INFO com.firebase.core.namespace.NamespaceActor - stopped namespace actor for authkit-y9vjx-default-rtdb
12:28:19.305 [Thread-0] INFO com.firebase.server.forge.App$ - Graceful shutdown complete.
